2018-07-26 09:27:11 -WebSocketSession[0 current WS(0)-HttpStream(0)-HttpPoll(0), 2 total, 0 closed abnormally (0 connect failure, 0 send limit, 0 transport error)], stompSubProtocol[processed CONNECT(2)-CONNECTED(2)-DISCONNECT(0)], stompBrokerRelay[null], inboundChannel[pool size = 0, active threads = 0, queued tasks = 0, completed tasks = 24], outboundChannelpool size = 0, active threads = 0, queued tasks = 0, completed tasks = 5], sockJsScheduler[pool size = 8, active threads = 1, queued tasks = 1, completed tasks = 37020]
2018-07-26 09:56:24 -Validating all active sessions...
2018-07-26 09:56:24 -Finished session validation.  No sessions were stopped.
2018-07-26 09:57:11 -WebSocketSession[0 current WS(0)-HttpStream(0)-HttpPoll(0), 2 total, 0 closed abnormally (0 connect failure, 0 send limit, 0 transport error)], stompSubProtocol[processed CONNECT(2)-CONNECTED(2)-DISCONNECT(0)], stompBrokerRelay[null], inboundChannel[pool size = 0, active threads = 0, queued tasks = 0, completed tasks = 24], outboundChannelpool size = 0, active threads = 0, queued tasks = 0, completed tasks = 5], sockJsScheduler[pool size = 8, active threads = 1, queued tasks = 1, completed tasks = 37381]
2018-07-26 10:27:11 -WebSocketSession[0 current WS(0)-HttpStream(0)-HttpPoll(0), 2 total, 0 closed abnormally (0 connect failure, 0 send limit, 0 transport error)], stompSubProtocol[processed CONNECT(2)-CONNECTED(2)-DISCONNECT(0)], stompBrokerRelay[null], inboundChannel[pool size = 0, active threads = 0, queued tasks = 0, completed tasks = 24], outboundChannelpool size = 0, active threads = 0, queued tasks = 0, completed tasks = 5], sockJsScheduler[pool size = 8, active threads = 1, queued tasks = 1, completed tasks = 37742]
2018-07-26 10:56:24 -Validating all active sessions...
2018-07-26 10:56:24 -Finished session validation.  No sessions were stopped.
2018-07-26 10:57:11 -WebSocketSession[0 current WS(0)-HttpStream(0)-HttpPoll(0), 2 total, 0 closed abnormally (0 connect failure, 0 send limit, 0 transport error)], stompSubProtocol[processed CONNECT(2)-CONNECTED(2)-DISCONNECT(0)], stompBrokerRelay[null], inboundChannel[pool size = 0, active threads = 0, queued tasks = 0, completed tasks = 24], outboundChannelpool size = 0, active threads = 0, queued tasks = 0, completed tasks = 5], sockJsScheduler[pool size = 8, active threads = 1, queued tasks = 1, completed tasks = 38103]
2018-07-26 11:27:10 -WebSocketSession[0 current WS(0)-HttpStream(0)-HttpPoll(0), 2 total, 0 closed abnormally (0 connect failure, 0 send limit, 0 transport error)], stompSubProtocol[processed CONNECT(2)-CONNECTED(2)-DISCONNECT(0)], stompBrokerRelay[null], inboundChannel[pool size = 0, active threads = 0, queued tasks = 0, completed tasks = 24], outboundChannelpool size = 0, active threads = 0, queued tasks = 0, completed tasks = 5], sockJsScheduler[pool size = 8, active threads = 1, queued tasks = 1, completed tasks = 38464]
2018-07-26 12:44:27 -Validating all active sessions...
2018-07-26 12:44:27 -Finished session validation.  No sessions were stopped.
2018-07-26 12:45:14 -WebSocketSession[0 current WS(0)-HttpStream(0)-HttpPoll(0), 2 total, 0 closed abnormally (0 connect failure, 0 send limit, 0 transport error)], stompSubProtocol[processed CONNECT(2)-CONNECTED(2)-DISCONNECT(0)], stompBrokerRelay[null], inboundChannel[pool size = 0, active threads = 0, queued tasks = 0, completed tasks = 24], outboundChannelpool size = 0, active threads = 0, queued tasks = 0, completed tasks = 5], sockJsScheduler[pool size = 8, active threads = 1, queued tasks = 1, completed tasks = 38825]
2018-07-26 13:23:34 -WebSocketSession[0 current WS(0)-HttpStream(0)-HttpPoll(0), 2 total, 0 closed abnormally (0 connect failure, 0 send limit, 0 transport error)], stompSubProtocol[processed CONNECT(2)-CONNECTED(2)-DISCONNECT(0)], stompBrokerRelay[null], inboundChannel[pool size = 0, active threads = 0, queued tasks = 0, completed tasks = 24], outboundChannelpool size = 0, active threads = 0, queued tasks = 0, completed tasks = 5], sockJsScheduler[pool size = 8, active threads = 1, queued tasks = 1, completed tasks = 39186]
2018-07-26 13:52:47 -Validating all active sessions...
2018-07-26 13:52:47 -Finished session validation.  No sessions were stopped.
2018-07-26 13:53:34 -WebSocketSession[0 current WS(0)-HttpStream(0)-HttpPoll(0), 2 total, 0 closed abnormally (0 connect failure, 0 send limit, 0 transport error)], stompSubProtocol[processed CONNECT(2)-CONNECTED(2)-DISCONNECT(0)], stompBrokerRelay[null], inboundChannel[pool size = 0, active threads = 0, queued tasks = 0, completed tasks = 24], outboundChannelpool size = 0, active threads = 0, queued tasks = 0, completed tasks = 5], sockJsScheduler[pool size = 8, active threads = 1, queued tasks = 1, completed tasks = 39547]
2018-07-26 14:18:22 -Closing org.springframework.boot.context.embedded.AnnotationConfigEmbeddedWebApplicationContext@4efac082: startup date [Thu Jul 19 11:40:01 CST 2018]; root of context hierarchy
2018-07-26 14:18:22 -Stopping beans in phase 2147483647
2018-07-26 14:18:22 -Scheduler schedulerFactoryBean_$_NON_CLUSTERED paused.
2018-07-26 14:18:22 -Stopping...
2018-07-26 14:18:22 -BrokerAvailabilityEvent[available=false, SimpleBrokerMessageHandler [DefaultSubscriptionRegistry[cache[0 destination(s)], registry[0 sessions]]]]
2018-07-26 14:18:22 -Stopped.
2018-07-26 14:18:22 -Unregistering JMX-exposed beans on shutdown
2018-07-26 14:18:22 -Unregistering JMX-exposed beans
2018-07-26 14:18:22 -Shutting down ExecutorService 'brokerChannelExecutor'
2018-07-26 14:18:22 -Shutting down ExecutorService 'messageBrokerTaskScheduler'
2018-07-26 14:18:22 -Shutting down ExecutorService 'clientOutboundChannelExecutor'
2018-07-26 14:18:22 -Shutting down ExecutorService 'clientInboundChannelExecutor'
2018-07-26 14:18:22 -Scheduler schedulerFactoryBean_$_NON_CLUSTERED shutting down.
2018-07-26 14:18:22 -Scheduler schedulerFactoryBean_$_NON_CLUSTERED paused.
2018-07-26 14:18:22 -Scheduler schedulerFactoryBean_$_NON_CLUSTERED shutdown complete.
2018-07-26 14:18:22 -Shutting down Quartz Scheduler
2018-07-26 14:18:22 -{dataSource-1} closed
2018-07-26 14:18:22 -Disabled session validation scheduler.
